
> example-blog@ build /Users/thor2/Documents/GitHub/help-dad/examples/blog
> next build

info  - Linting and checking validity of types...
info  - Creating an optimized production build...
info  - Compiled successfully
info  - Collecting page data...
info  - Generating static pages (0/16)
info  - Generating static pages (4/16)
info  - Generating static pages (8/16)
info  - Generating static pages (12/16)
info  - Generating static pages (16/16)
info  - Finalizing page optimization...

Route (pages)                               Size     First Load JS
┌ ○ /                                       2.12 kB        98.6 kB
├ ○ /404                                    182 B          77.5 kB
├ ○ /posts                                  1.63 kB        98.1 kB
├ ○ /posts/aaron-swartz-a-programmable-web  4.33 kB         101 kB
├ ○ /posts/code-blocks (349 ms)             2.44 kB        98.9 kB
├ ○ /posts/table                            1.82 kB        98.3 kB
└ ● /tags/[tag] (1167 ms)                   1.87 kB        98.3 kB
    ├ /tags/JavaScript (540 ms)
    ├ /tags/web development (341 ms)
    ├ /tags/GraphQL
    ├ /tags/C++
    ├ /tags/Java
    ├ /tags/React
    ├ /tags/Next.js
    └ [+2 more paths]
+ First Load JS shared by all               77.3 kB
  ├ chunks/framework-048b9b79c8a8a663.js    45.4 kB
  ├ chunks/main-1b478a84d4d9fdb0.js         30.8 kB
  ├ chunks/pages/_app-dcb1578928351227.js   195 B
  └ chunks/webpack-94547de1949c56d7.js      950 B

○  (Static)  automatically rendered as static HTML (uses no initial props)
●  (SSG)     automatically generated as static HTML + JSON (uses getStaticProps)

